<?xml version="1.0" encoding="UTF-8"?>
<testsuite xmlns:xsi="http://www.w3.org/2001/XMLSchema-instance" xsi:noNamespaceSchemaLocation="https://maven.apache.org/surefire/maven-surefire-plugin/xsd/surefire-test-report.xsd" name="ItemServiceTests" time="0.815" tests="2" errors="0" skipped="0" failures="0">
  <properties>
[...]
</properties>
  <testcase name="getSKUTest" classname="ItemServiceTests" time="0.485"/>
  <testcase name="createUpdateDeleteSKUTest" classname="ItemServiceTests" time="0.329"/>
</testsuite>