<?xml version="1.0" encoding="UTF-8"?>
<testsuite xmlns:xsi="http://www.w3.org/2001/XMLSchema-instance" xsi:noNamespaceSchemaLocation="https://maven.apache.org/surefire/maven-surefire-plugin/xsd/surefire-test-report-3.0.xsd" version="3.0" name="EventsLogServiceTests" time="2.87" tests="1" errors="0" skipped="0" failures="0">
  <properties>
[...]
</properties>
  <testcase name="getAuditTest" classname="EventsLogServiceTests" time="0.414">
    <system-out><![CDATA[Request method:	POST
Request URI:	https://gateway.efinancetest.bpcmarketplace.com:443/user-service/api/external/jwtToken
Proxy:			<none>
Request params:	<none>
Query params:	<none>
Form params:	<none>
Path params:	<none>
Headers:		Accept=application/json
				Content-Type=application/json
Cookies:		<none>
Multiparts:		<none>
Body:
{
    "password": "134509",
    "profileType": "OPERATOR",
    "login": "+209609514599"
}
HTTP/1.1 200 OK
Server: nginx
Date: Fri, 09 Sep 2022 09:24:17 GMT
Content-Type: application/json; charset=utf-8
Transfer-Encoding: chunked
Connection: keep-alive
Vary: Accept-Encoding
Vary: Origin
Vary: Access-Control-Request-Method
Vary: Access-Control-Request-Headers
Expires: Fri, 09 Sep 2022 09:24:17 GMT
Cache-Control: max-age=0
Strict-Transport-Security: max-age=16070400; includeSubDomains
X-Content-Type-Options: nosniff
Content-Encoding: gzip

{
    "value": {
        "token": "eyJhbGciOiJFUzI1NiJ9.eyJzdWIiOiI5MDEiLCJpYXQiOjE2NjI3MTU0NTcsImV4cCI6MTY2MjcxNjY1NywicnQiOiJmZjE3ZWY2MC1iOGUyLTQwNjgtYWVmZS1iOTM1NDM1OTM4YjMiLCJydGV4cCI6MTY2Nzg5OTQ1NywidXNlciI6IntcImlkXCI6OTAxLFwibG9naW5cIjpcIisyMDk2MDk1MTQ1OTlcIixcInBob25lTnVtYmVyXCI6e1wiY291bnRyeUNvZGVcIjoyMCxcIm5hdGlvbmFsTnVtYmVyXCI6OTYwOTUxNDU5OSxcIml0YWxpYW5MZWFkaW5nWmVyb1wiOmZhbHNlfSxcImVtYWlsXCI6XCJ0ZXN0ZXJAZ2Rlc2VtZW5hLnJ1XCIsXCJmdWxsTmFtZVwiOntcImZpcnN0TmFtZVwiOlwiVGVzdFwiLFwibGFzdE5hbWVcIjpcIlRlc3RcIixcIm1pZGRsZU5hbWVcIjpcIlRlc3RcIn0sXCJwcml2aWxlZ2VzXCI6Wy0xNDQwNDcwMTgzNjc1MTY2NzMsMjE5Nzk0MzA5NzYxNV0sXCJjdXJyZW50UHJvZmlsZVwiOlwiT1BFUkFUT1JcIixcIm9wZXJhdG9yUHJvZmlsZVwiOntcImlkXCI6MTI0NyxcInN0YXR1c1wiOlwiTkVXXCJ9LFwiYmxvY2tlZFwiOmZhbHNlLFwidmVyaWZpZWRcIjpmYWxzZSxcInRlcm1zVXNlSWRcIjowfSJ9.kvPR8rammv_iqVBUX4tK4DtzVKS_Aq7auUglk1De53z3sJMlYn_YwJJeiBB9BqUnwz-1QKOMbAngXLjYFkCyCg",
        "privileges": [
            "MERCHANT_PROFILE_WRITE",
            "MERCHANT_PROFILE_READ",
            "COMPANIES_WRITE",
            "COMPANIES_READ",
            "MEMBERS_WRITE",
            "MEMBERS_READ",
            "ORDER_READ",
            "ORDER_WRITE",
            "CLIENTS_WRITE",
            "CLIENTS_READ",
            "ITEMS_READ",
            "ITEMS_WRITE",
            "REQUESTS_READ",
            "REQUESTS_WRITE",
            "PAGES_WRITE",
            "PAGES_READ",
            "ARTICLES_WRITE",
            "ARTICLES_READ",
            "LOGS_REPORT_READ",
            "DASHBOARD_READ",
            "USER_PROFILE_READ",
            "USER_PROFILE_WRITE",
            "ORDER_RETURNS_READ",
            "ORDER_RETURNS_WRITE",
            "AUDIT_USERS_READ",
            "AUDIT_OPERATORS_READ",
            "OPERATORS_READ",
            "OPERATORS_WRITE",
            "ROLES_READ",
            "ROLES_WRITE",
            "TEMPLATES_READ",
            "TEMPLATE_WRITE",
            "BLOCKS_READ",
            "BLOCKS_WRITE",
            "MEDIA_READ",
            "MEDIA_WRITE",
            "REVIEWS_READ",
            "REVIEWS_WRITE",
            "REVIEW_TEMPLATES_READ",
            "MARKETING_COMPANIES_READ",
            "MARKETING_COMPANIES_WRITE",
            "PROMOCODES_READ",
            "PROMOCODES_WRITE",
            "DISPUTES_READ",
            "DISPUTES_WRITE",
            "TAGS_READ",
            "TAGS_WRITE",
            "CATEGORY_COMMISSION_READ",
            "CATEGORY_COMMISSION_WRITE",
            "MERCHANT_COMPANY_WRITE",
            "CATEGORY_READ",
            "CATEGORY_WRITE",
            "PAGE_SEO_TAGS_READ",
            "PAGE_SEO_TAGS_WRITE",
            "DISPUTE_SETTINGS_WRITE",
            "USER_REGIONS_READ",
            "USER_REGIONS_WRITE",
            "MARKETPLACE_SETTINGS_READ",
            "MARKETPLACE_SETTINGS_WRITE",
            "INVOICES_TEMPLATES_READ",
            "INVOICES_TEMPLATES_WRITE",
            "VIEWS_READ",
            "PAYMENT_ATTRIBUTES_READ",
            "PAYMENT_ATTRIBUTES_WRITE",
            "LICENSES_READ",
            "LICENSES_WRITE",
            "NOTIFICATIONS_READ",
            "NOTIFICATIONS_WRITE",
            "ITEM_RULES_READ",
            "ITEM_RULES_WRITE",
            "FDS_READ",
            "FDS_WRITE",
            "PROMOTIONS_READ",
            "PROMOTIONS_WRITE",
            "MERCHANT_PAYMENT_METHODS_READ",
            "MERCHANT_PAYMENT_METHODS_WRITE",
            "MERCHANT_DELIVERY_METHODS_READ",
            "MERCHANT_DELIVERY_METHODS_WRITE"
        ],
        "deviceBindingRequired": false,
        "shouldAcceptNewTerms": false
    },
    "success": true
}
Request method:	GET
Request URI:	https://gateway.efinancetest.bpcmarketplace.com:443/events-log-service/api/external/audit/listActions?operators=true&users=true&page.num=1&page.size=10
Proxy:			<none>
Request params:	<none>
Query params:	operators=true
				users=true
				page.num=1
				page.size=10
Form params:	<none>
Path params:	<none>
Headers:		Accept=application/json
				Authorization=Bearer eyJhbGciOiJFUzI1NiJ9.eyJzdWIiOiI5MDEiLCJpYXQiOjE2NjI3MTU0NTcsImV4cCI6MTY2MjcxNjY1NywicnQiOiJmZjE3ZWY2MC1iOGUyLTQwNjgtYWVmZS1iOTM1NDM1OTM4YjMiLCJydGV4cCI6MTY2Nzg5OTQ1NywidXNlciI6IntcImlkXCI6OTAxLFwibG9naW5cIjpcIisyMDk2MDk1MTQ1OTlcIixcInBob25lTnVtYmVyXCI6e1wiY291bnRyeUNvZGVcIjoyMCxcIm5hdGlvbmFsTnVtYmVyXCI6OTYwOTUxNDU5OSxcIml0YWxpYW5MZWFkaW5nWmVyb1wiOmZhbHNlfSxcImVtYWlsXCI6XCJ0ZXN0ZXJAZ2Rlc2VtZW5hLnJ1XCIsXCJmdWxsTmFtZVwiOntcImZpcnN0TmFtZVwiOlwiVGVzdFwiLFwibGFzdE5hbWVcIjpcIlRlc3RcIixcIm1pZGRsZU5hbWVcIjpcIlRlc3RcIn0sXCJwcml2aWxlZ2VzXCI6Wy0xNDQwNDcwMTgzNjc1MTY2NzMsMjE5Nzk0MzA5NzYxNV0sXCJjdXJyZW50UHJvZmlsZVwiOlwiT1BFUkFUT1JcIixcIm9wZXJhdG9yUHJvZmlsZVwiOntcImlkXCI6MTI0NyxcInN0YXR1c1wiOlwiTkVXXCJ9LFwiYmxvY2tlZFwiOmZhbHNlLFwidmVyaWZpZWRcIjpmYWxzZSxcInRlcm1zVXNlSWRcIjowfSJ9.kvPR8rammv_iqVBUX4tK4DtzVKS_Aq7auUglk1De53z3sJMlYn_YwJJeiBB9BqUnwz-1QKOMbAngXLjYFkCyCg
				Content-Type=application/json
Cookies:		<none>
Multiparts:		<none>
Body:			<none>
HTTP/1.1 200 OK
Server: nginx
Date: Fri, 09 Sep 2022 09:24:18 GMT
Content-Type: application/json; charset=utf-8
Transfer-Encoding: chunked
Connection: keep-alive
Vary: Accept-Encoding
Vary: Origin
Vary: Access-Control-Request-Method
Vary: Access-Control-Request-Headers
Expires: Fri, 09 Sep 2022 09:24:18 GMT
Cache-Control: max-age=0
Strict-Transport-Security: max-age=16070400; includeSubDomains
X-Content-Type-Options: nosniff
Content-Encoding: gzip

{
    "value": {
        "data": [
            {
                "id": 330181,
                "createdAt": "2022-09-09T09:24:17.649487Z",
                "ip": "93.100.108.112",
                "requestPath": "/api/external/jwtToken",
                "requestMethod": "POST",
                "userLogin": "+209609514599",
                "userFirstName": "Test",
                "userMiddleName": "Test",
                "userLastName": "Test",
                "userId": 901,
                "description": "Operator Authentication",
                "summary": "Operator Authentication",
                "isAdministrationAction": true,
                "portalDeterminate": "COMMON",
                "profileType": "OPERATOR",
                "device": "Other",
                "browser": "Apache-HttpClient"
            },
            {
                "id": 330180,
                "createdAt": "2022-09-09T09:23:27.279877Z",
                "ip": "194.226.51.21",
                "requestPath": "/api/external/pages/endpoints",
                "requestMethod": "GET",
                "userFirstName": "Неавторизованный пользователь",
                "userMiddleName": "",
                "userLastName": "",
                "userId": 0,
                "description": "Getting pages endpoints",
                "summary": "View pages endpoints",
                "isAdministrationAction": false,
                "portalDeterminate": "COMMON",
                "device": "Other",
                "screenResolution": "",
                "browser": "Chrome",
                "city": ""
            },
            {
                "id": 330179,
                "createdAt": "2022-09-09T09:22:27.201159Z",
                "ip": "194.226.51.21",
                "requestPath": "/api/external/pages/endpoints",
                "requestMethod": "GET",
                "userFirstName": "Неавторизованный пользователь",
                "userMiddleName": "",
                "userLastName": "",
                "userId": 0,
                "description": "Getting pages endpoints",
                "summary": "View pages endpoints",
                "isAdministrationAction": false,
                "portalDeterminate": "COMMON",
                "device": "Other",
                "screenResolution": "",
                "browser": "Chrome",
                "city": ""
            },
            {
                "id": 330178,
                "createdAt": "2022-09-09T09:22:23.472891Z",
                "ip": "10.166.0.2",
                "requestPath": "/api/external/users",
                "requestMethod": "GET",
                "userFirstName": "Неавторизованный пользователь",
                "userMiddleName": "",
                "userLastName": "",
                "userId": 0,
                "description": "Get users",
                "summary": "View users page",
                "isAdministrationAction": false,
                "portalDeterminate": "COMMON",
                "device": "Other",
                "browser": "Apache-HttpClient"
            },
            {
                "id": 330177,
                "createdAt": "2022-09-09T09:21:36.16534Z",
                "ip": "85.143.112.41",
                "requestPath": "/api/external/categories",
                "requestMethod": "GET",
                "userLogin": "+209609514599",
                "userFirstName": "Test",
                "userMiddleName": "Test",
                "userLastName": "Test",
                "userId": 901,
                "description": "Get categories",
                "summary": "View item categories page",
                "isAdministrationAction": false,
                "portalDeterminate": "COMMON",
                "profileType": "OPERATOR",
                "device": "Other",
                "browser": "Edge"
            },
            {
                "id": 330176,
                "createdAt": "2022-09-09T09:21:35.04078Z",
                "ip": "85.143.112.41",
                "requestPath": "/api/external/categories",
                "requestMethod": "GET",
                "userLogin": "+209609514599",
                "userFirstName": "Test",
                "userMiddleName": "Test",
                "userLastName": "Test",
                "userId": 901,
                "description": "Get categories",
                "summary": "View item categories page",
                "isAdministrationAction": false,
                "portalDeterminate": "COMMON",
                "profileType": "OPERATOR",
                "device": "Other",
                "browser": "Edge"
            },
            {
                "id": 330175,
                "createdAt": "2022-09-09T09:21:26.924859Z",
                "ip": "194.226.51.21",
                "requestPath": "/api/external/pages/endpoints",
                "requestMethod": "GET",
                "userFirstName": "Неавторизованный пользователь",
                "userMiddleName": "",
                "userLastName": "",
                "userId": 0,
                "description": "Getting pages endpoints",
                "summary": "View pages endpoints",
                "isAdministrationAction": false,
                "portalDeterminate": "COMMON",
                "device": "Other",
                "screenResolution": "",
                "browser": "Chrome",
                "city": ""
            },
            {
                "id": 330174,
                "createdAt": "2022-09-09T09:20:26.03263Z",
                "ip": "194.226.51.21",
                "requestPath": "/api/external/pages/endpoints",
                "requestMethod": "GET",
                "userFirstName": "Неавторизованный пользователь",
                "userMiddleName": "",
                "userLastName": "",
                "userId": 0,
                "description": "Getting pages endpoints",
                "summary": "View pages endpoints",
                "isAdministrationAction": false,
                "portalDeterminate": "COMMON",
                "device": "Other",
                "screenResolution": "",
                "browser": "Chrome",
                "city": ""
            },
            {
                "id": 330173,
                "createdAt": "2022-09-09T09:19:41.583362Z",
                "ip": "93.100.108.112",
                "requestPath": "/api/external/jwtToken",
                "requestMethod": "POST",
                "userLogin": "+209609514599",
                "userFirstName": "Test",
                "userMiddleName": "Test",
                "userLastName": "Test",
                "userId": 901,
                "description": "Operator Authentication",
                "summary": "Operator Authentication",
                "isAdministrationAction": true,
                "portalDeterminate": "COMMON",
                "profileType": "OPERATOR",
                "device": "Other",
                "browser": "Apache-HttpClient"
            },
            {
                "id": 330172,
                "createdAt": "2022-09-09T09:19:41.140774Z",
                "ip": "93.100.108.112",
                "requestPath": "/api/external/audit/listActions",
                "requestMethod": "GET",
                "userLogin": "+209609514599",
                "userFirstName": "Test",
                "userMiddleName": "Test",
                "userLastName": "Test",
                "userId": 901,
                "description": "Log with administrative actions, pagination of results",
                "summary": "Просмотр страницы аудита",
                "isAdministrationAction": false,
                "portalDeterminate": "COMMON",
                "profileType": "OPERATOR",
                "device": "Other",
                "browser": "Apache-HttpClient"
            }
        ],
        "totalCount": 273115,
        "currentPage": 0
    },
    "success": true
}
HTTP/1.1 200 OK
Server: nginx
Date: Fri, 09 Sep 2022 09:24:18 GMT
Content-Type: application/json; charset=utf-8
Transfer-Encoding: chunked
Connection: keep-alive
Vary: Accept-Encoding
Vary: Origin
Vary: Access-Control-Request-Method
Vary: Access-Control-Request-Headers
Expires: Fri, 09 Sep 2022 09:24:18 GMT
Cache-Control: max-age=0
Strict-Transport-Security: max-age=16070400; includeSubDomains
X-Content-Type-Options: nosniff
Content-Encoding: gzip

{
    "value": {
        "data": [
            {
                "id": 330181,
                "createdAt": "2022-09-09T09:24:17.649487Z",
                "ip": "93.100.108.112",
                "requestPath": "/api/external/jwtToken",
                "requestMethod": "POST",
                "userLogin": "+209609514599",
                "userFirstName": "Test",
                "userMiddleName": "Test",
                "userLastName": "Test",
                "userId": 901,
                "description": "Operator Authentication",
                "summary": "Operator Authentication",
                "isAdministrationAction": true,
                "portalDeterminate": "COMMON",
                "profileType": "OPERATOR",
                "device": "Other",
                "browser": "Apache-HttpClient"
            },
            {
                "id": 330180,
                "createdAt": "2022-09-09T09:23:27.279877Z",
                "ip": "194.226.51.21",
                "requestPath": "/api/external/pages/endpoints",
                "requestMethod": "GET",
                "userFirstName": "Неавторизованный пользователь",
                "userMiddleName": "",
                "userLastName": "",
                "userId": 0,
                "description": "Getting pages endpoints",
                "summary": "View pages endpoints",
                "isAdministrationAction": false,
                "portalDeterminate": "COMMON",
                "device": "Other",
                "screenResolution": "",
                "browser": "Chrome",
                "city": ""
            },
            {
                "id": 330179,
                "createdAt": "2022-09-09T09:22:27.201159Z",
                "ip": "194.226.51.21",
                "requestPath": "/api/external/pages/endpoints",
                "requestMethod": "GET",
                "userFirstName": "Неавторизованный пользователь",
                "userMiddleName": "",
                "userLastName": "",
                "userId": 0,
                "description": "Getting pages endpoints",
                "summary": "View pages endpoints",
                "isAdministrationAction": false,
                "portalDeterminate": "COMMON",
                "device": "Other",
                "screenResolution": "",
                "browser": "Chrome",
                "city": ""
            },
            {
                "id": 330178,
                "createdAt": "2022-09-09T09:22:23.472891Z",
                "ip": "10.166.0.2",
                "requestPath": "/api/external/users",
                "requestMethod": "GET",
                "userFirstName": "Неавторизованный пользователь",
                "userMiddleName": "",
                "userLastName": "",
                "userId": 0,
                "description": "Get users",
                "summary": "View users page",
                "isAdministrationAction": false,
                "portalDeterminate": "COMMON",
                "device": "Other",
                "browser": "Apache-HttpClient"
            },
            {
                "id": 330177,
                "createdAt": "2022-09-09T09:21:36.16534Z",
                "ip": "85.143.112.41",
                "requestPath": "/api/external/categories",
                "requestMethod": "GET",
                "userLogin": "+209609514599",
                "userFirstName": "Test",
                "userMiddleName": "Test",
                "userLastName": "Test",
                "userId": 901,
                "description": "Get categories",
                "summary": "View item categories page",
                "isAdministrationAction": false,
                "portalDeterminate": "COMMON",
                "profileType": "OPERATOR",
                "device": "Other",
                "browser": "Edge"
            },
            {
                "id": 330176,
                "createdAt": "2022-09-09T09:21:35.04078Z",
                "ip": "85.143.112.41",
                "requestPath": "/api/external/categories",
                "requestMethod": "GET",
                "userLogin": "+209609514599",
                "userFirstName": "Test",
                "userMiddleName": "Test",
                "userLastName": "Test",
                "userId": 901,
                "description": "Get categories",
                "summary": "View item categories page",
                "isAdministrationAction": false,
                "portalDeterminate": "COMMON",
                "profileType": "OPERATOR",
                "device": "Other",
                "browser": "Edge"
            },
            {
                "id": 330175,
                "createdAt": "2022-09-09T09:21:26.924859Z",
                "ip": "194.226.51.21",
                "requestPath": "/api/external/pages/endpoints",
                "requestMethod": "GET",
                "userFirstName": "Неавторизованный пользователь",
                "userMiddleName": "",
                "userLastName": "",
                "userId": 0,
                "description": "Getting pages endpoints",
                "summary": "View pages endpoints",
                "isAdministrationAction": false,
                "portalDeterminate": "COMMON",
                "device": "Other",
                "screenResolution": "",
                "browser": "Chrome",
                "city": ""
            },
            {
                "id": 330174,
                "createdAt": "2022-09-09T09:20:26.03263Z",
                "ip": "194.226.51.21",
                "requestPath": "/api/external/pages/endpoints",
                "requestMethod": "GET",
                "userFirstName": "Неавторизованный пользователь",
                "userMiddleName": "",
                "userLastName": "",
                "userId": 0,
                "description": "Getting pages endpoints",
                "summary": "View pages endpoints",
                "isAdministrationAction": false,
                "portalDeterminate": "COMMON",
                "device": "Other",
                "screenResolution": "",
                "browser": "Chrome",
                "city": ""
            },
            {
                "id": 330173,
                "createdAt": "2022-09-09T09:19:41.583362Z",
                "ip": "93.100.108.112",
                "requestPath": "/api/external/jwtToken",
                "requestMethod": "POST",
                "userLogin": "+209609514599",
                "userFirstName": "Test",
                "userMiddleName": "Test",
                "userLastName": "Test",
                "userId": 901,
                "description": "Operator Authentication",
                "summary": "Operator Authentication",
                "isAdministrationAction": true,
                "portalDeterminate": "COMMON",
                "profileType": "OPERATOR",
                "device": "Other",
                "browser": "Apache-HttpClient"
            },
            {
                "id": 330172,
                "createdAt": "2022-09-09T09:19:41.140774Z",
                "ip": "93.100.108.112",
                "requestPath": "/api/external/audit/listActions",
                "requestMethod": "GET",
                "userLogin": "+209609514599",
                "userFirstName": "Test",
                "userMiddleName": "Test",
                "userLastName": "Test",
                "userId": 901,
                "description": "Log with administrative actions, pagination of results",
                "summary": "Просмотр страницы аудита",
                "isAdministrationAction": false,
                "portalDeterminate": "COMMON",
                "profileType": "OPERATOR",
                "device": "Other",
                "browser": "Apache-HttpClient"
            }
        ],
        "totalCount": 273115,
        "currentPage": 0
    },
    "success": true
}
]]></system-out>
  </testcase>
</testsuite>